mar 18, 2022 3:57:39 PM com.example.vavagoinventory.Log Exceptions
SEVERE: Wrong email,Wrong username or password exception
mar 18, 2022 3:57:54 PM com.example.vavagoinventory.Log login
INFO: User defaultUserlogged in
mar 18, 2022 3:57:56 PM com.example.vavagoinventory.Log userLogout
INFO: User named : ferino logged out
INFO: User named : ferino logged out
apr 05, 2022 12:11:04 PM com.example.vavagoinventory.Log login
INFO: User defaultUserlogged in
Apr 06, 2022 3:30:37 PM com.example.vavagoinventory.Log login
INFO: User defaultUserlogged in
Apr 06, 2022 3:41:33 PM com.example.vavagoinventory.Log login
INFO: User defaultUserlogged in
Apr 06, 2022 3:49:54 PM com.example.vavagoinventory.Log login
INFO: User defaultUserlogged in
Apr 06, 2022 4:03:17 PM com.example.vavagoinventory.Log login
INFO: User defaultUserlogged in
Apr 06, 2022 4:04:50 PM com.example.vavagoinventory.Log login
INFO: User defaultUserlogged in
Apr 06, 2022 4:06:23 PM com.example.vavagoinventory.Log login
INFO: User defaultUserlogged in
Apr 06, 2022 4:08:50 PM com.example.vavagoinventory.Log login
INFO: User defaultUserlogged in
Apr 06, 2022 4:11:31 PM com.example.vavagoinventory.Log login
INFO: User defaultUserlogged in
Apr 06, 2022 4:33:21 PM com.example.vavagoinventory.Log login
INFO: User defaultUserlogged in
Apr 06, 2022 4:37:01 PM com.example.vavagoinventory.Log login
INFO: User defaultUserlogged in
Apr 06, 2022 4:43:43 PM com.example.vavagoinventory.Log userLogout
INFO: User named : ferino logged out
Apr 06, 2022 4:43:57 PM com.example.vavagoinventory.Log login
INFO: User defaultUserlogged in
Apr 06, 2022 4:50:50 PM com.example.vavagoinventory.Log login
INFO: User defaultUserlogged in
Apr 06, 2022 5:08:25 PM com.example.vavagoinventory.Log login
INFO: User defaultUserlogged in
Apr 06, 2022 5:14:30 PM com.example.vavagoinventory.Log login
INFO: User defaultUserlogged in
Apr 06, 2022 5:21:23 PM com.example.vavagoinventory.Log login
INFO: User defaultUserlogged in
Apr 06, 2022 5:23:11 PM com.example.vavagoinventory.Log login
INFO: User defaultUserlogged in
